<?xml version="1.0" encoding="UTF-8"?>
<!-- Generated by org.testng.reporters.JUnitReportReporter -->
<testsuite hostname="Erens-MacBook-Pro.local" failures="0" tests="1" name="runners.RunTest" time="0.003" errors="0" timestamp="2024-01-12T23:03:18 TRT" skipped="0">
  <testcase classname="runners.RunTest" name="runTests" time="0.003"/>
  <system-out/>
</testsuite> <!-- runners.RunTest -->
