<?xml version="1.0" encoding="UTF-8"?>
<!-- Generated by org.testng.reporters.JUnitReportReporter -->
<testsuite hostname="Erens-MacBook-Pro.local" failures="0" tests="1" name="tests.AllTests" time="20.997" errors="0" timestamp="2024-01-13T04:52:53 TRT" skipped="0">
  <testcase classname="tests.AllTests" name="AllTestCase" time="20.997"/>
  <system-out/>
</testsuite> <!-- tests.AllTests -->
